[   369.729] (--) Log file renamed from "/home/ali/.local/share/xorg/Xorg.pid-1762.log" to "/home/ali/.local/share/xorg/Xorg.0.log"
[   369.730] 
X.Org X Server 1.20.8
X Protocol Version 11, Revision 0
[   369.730] Build Operating System: Linux 4.15.0-115-generic x86_64 Ubuntu
[   369.730] Current Operating System: Linux ali-Inspiron-N5040 5.4.0-48-generic #52-Ubuntu SMP Thu Sep 10 10:58:49 UTC 2020 x86_64
[   369.730] Kernel command line: BOOT_IMAGE=/boot/vmlinuz-5.4.0-48-generic root=UUID=78aa327d-a350-42ec-9526-5f581917a470 ro quiet splash vt.handoff=7
[   369.730] Build Date: 04 September 2020  01:34:27PM
[   369.730] xorg-server 2:1.20.8-2ubuntu2.4 (For technical support please see http://www.ubuntu.com/support) 
[   369.730] Current version of pixman: 0.38.4
[   369.730] 	Before reporting problems, check http://wiki.x.org
	to make sure that you have the latest version.
[   369.730] Markers: (--) probed, (**) from config file, (==) default setting,
	(++) from command line, (!!) notice, (II) informational,
	(WW) warning, (EE) error, (NI) not implemented, (??) unknown.
[   369.731] (==) Log file: "/home/ali/.local/share/xorg/Xorg.0.log", Time: Wed Sep 30 20:16:40 2020
[   369.806] (==) Using system config directory "/usr/share/X11/xorg.conf.d"
[   369.851] (==) No Layout section.  Using the first Screen section.
[   369.851] (==) No screen section available. Using defaults.
[   369.851] (**) |-->Screen "Default Screen Section" (0)
[   369.851] (**) |   |-->Monitor "<default monitor>"
[   369.859] (==) No monitor specified for screen "Default Screen Section".
	Using a default monitor configuration.
[   369.860] (==) Automatically adding devices
[   369.860] (==) Automatically enabling devices
[   369.860] (==) Automatically adding GPU devices
[   369.860] (==) Automatically binding GPU devices
[   369.860] (==) Max clients allowed: 256, resource mask: 0x1fffff
[   369.860] (WW) The directory "/usr/share/fonts/X11/cyrillic" does not exist.
[   369.860] 	Entry deleted from font path.
[   369.860] (WW) The directory "/usr/share/fonts/X11/100dpi/" does not exist.
[   369.860] 	Entry deleted from font path.
[   369.860] (WW) The directory "/usr/share/fonts/X11/75dpi/" does not exist.
[   369.860] 	Entry deleted from font path.
[   369.860] (WW) The directory "/usr/share/fonts/X11/100dpi" does not exist.
[   369.860] 	Entry deleted from font path.
[   369.860] (WW) The directory "/usr/share/fonts/X11/75dpi" does not exist.
[   369.860] 	Entry deleted from font path.
[   369.860] (==) FontPath set to:
	/usr/share/fonts/X11/misc,
	/usr/share/fonts/X11/Type1,
	built-ins
[   369.860] (==) ModulePath set to "/usr/lib/xorg/modules"
[   369.860] (II) The server relies on udev to provide the list of input devices.
	If no devices become available, reconfigure udev or disable AutoAddDevices.
[   369.860] (II) Loader magic: 0x55f175ff7020
[   369.860] (II) Module ABI versions:
[   369.860] 	X.Org ANSI C Emulation: 0.4
[   369.860] 	X.Org Video Driver: 24.1
[   369.860] 	X.Org XInput driver : 24.1
[   369.860] 	X.Org Server Extension : 10.0
[   369.863] (++) using VT number 2

[   369.867] (II) systemd-logind: took control of session /org/freedesktop/login1/session/_32
[   369.869] (II) xfree86: Adding drm device (/dev/dri/card0)
[   369.871] (II) systemd-logind: got fd for /dev/dri/card0 226:0 fd 12 paused 0
[   369.879] (--) PCI:*(0@0:2:0) 8086:0046:1028:0505 rev 2, Mem @ 0xfb000000/4194304, 0xc0000000/268435456, I/O @ 0x0000f080/8, BIOS @ 0x????????/131072
[   369.889] (II) LoadModule: "glx"
[   369.901] (II) Loading /usr/lib/xorg/modules/extensions/libglx.so
[   369.954] (II) Module glx: vendor="X.Org Foundation"
[   369.954] 	compiled for 1.20.8, module version = 1.0.0
[   369.954] 	ABI class: X.Org Server Extension, version 10.0
[   369.954] (==) Matched modesetting as autoconfigured driver 0
[   369.954] (==) Matched fbdev as autoconfigured driver 1
[   369.954] (==) Matched vesa as autoconfigured driver 2
[   369.954] (==) Assigned the driver to the xf86ConfigLayout
[   369.954] (II) LoadModule: "modesetting"
[   370.001] (II) Loading /usr/lib/xorg/modules/drivers/modesetting_drv.so
[   370.033] (II) Module modesetting: vendor="X.Org Foundation"
[   370.033] 	compiled for 1.20.8, module version = 1.20.8
[   370.033] 	Module class: X.Org Video Driver
[   370.033] 	ABI class: X.Org Video Driver, version 24.1
[   370.033] (II) LoadModule: "fbdev"
[   370.033] (II) Loading /usr/lib/xorg/modules/drivers/fbdev_drv.so
[   370.064] (II) Module fbdev: vendor="X.Org Foundation"
[   370.072] 	compiled for 1.20.1, module version = 0.5.0
[   370.072] 	Module class: X.Org Video Driver
[   370.072] 	ABI class: X.Org Video Driver, version 24.0
[   370.072] (II) LoadModule: "vesa"
[   370.072] (II) Loading /usr/lib/xorg/modules/drivers/vesa_drv.so
[   370.103] (II) Module vesa: vendor="X.Org Foundation"
[   370.103] 	compiled for 1.20.4, module version = 2.4.0
[   370.103] 	Module class: X.Org Video Driver
[   370.103] 	ABI class: X.Org Video Driver, version 24.0
[   370.103] (II) modesetting: Driver for Modesetting Kernel Drivers: kms
[   370.103] (II) FBDEV: driver for framebuffer: fbdev
[   370.103] (II) VESA: driver for VESA chipsets: vesa
[   370.104] xf86EnableIOPorts: failed to set IOPL for I/O (Operation not permitted)
[   370.104] (II) modeset(0): using drv /dev/dri/card0
[   370.104] (WW) Falling back to old probe method for fbdev
[   370.104] (II) Loading sub module "fbdevhw"
[   370.104] (II) LoadModule: "fbdevhw"
[   370.104] (II) Loading /usr/lib/xorg/modules/libfbdevhw.so
[   370.126] (II) Module fbdevhw: vendor="X.Org Foundation"
[   370.126] 	compiled for 1.20.8, module version = 0.0.2
[   370.126] 	ABI class: X.Org Video Driver, version 24.1
[   370.126] (EE) open /dev/fb0: Permission denied
[   370.126] (WW) VGA arbiter: cannot open kernel arbiter, no multi-card support
[   370.126] (II) modeset(0): Creating default Display subsection in Screen section
	"Default Screen Section" for depth/fbbpp 24/32
[   370.126] (==) modeset(0): Depth 24, (==) framebuffer bpp 32
[   370.126] (==) modeset(0): RGB weight 888
[   370.126] (==) modeset(0): Default visual is TrueColor
[   370.126] (II) Loading sub module "glamoregl"
[   370.126] (II) LoadModule: "glamoregl"
[   370.126] (II) Loading /usr/lib/xorg/modules/libglamoregl.so
[   370.196] (II) Module glamoregl: vendor="X.Org Foundation"
[   370.196] 	compiled for 1.20.8, module version = 1.0.1
[   370.196] 	ABI class: X.Org ANSI C Emulation, version 0.4
[   370.249] (II) modeset(0): glamor X acceleration enabled on Mesa DRI Intel(R) HD Graphics (ILK)
[   370.249] (II) modeset(0): glamor initialized
[   370.249] (II) modeset(0): Output LVDS-1 has no monitor section
[   370.251] (II) modeset(0): Output VGA-1 has no monitor section
[   370.253] (II) modeset(0): Output HDMI-1 has no monitor section
[   370.253] (II) modeset(0): Output DP-1 has no monitor section
[   370.254] (II) modeset(0): EDID for output LVDS-1
[   370.254] (II) modeset(0): Manufacturer: CMO  Model: 15a4  Serial#: 0
[   370.254] (II) modeset(0): Year: 2010  Week: 27
[   370.254] (II) modeset(0): EDID Version: 1.3
[   370.255] (II) modeset(0): Digital Display Input
[   370.255] (II) modeset(0): Max Image Size [cm]: horiz.: 34  vert.: 19
[   370.255] (II) modeset(0): Gamma: 2.20
[   370.255] (II) modeset(0): No DPMS capabilities specified
[   370.255] (II) modeset(0): Supported color encodings: RGB 4:4:4 YCrCb 4:4:4 
[   370.255] (II) modeset(0): First detailed timing is preferred mode
[   370.255] (II) modeset(0): redX: 0.617 redY: 0.340   greenX: 0.320 greenY: 0.598
[   370.255] (II) modeset(0): blueX: 0.160 blueY: 0.084   whiteX: 0.313 whiteY: 0.329
[   370.255] (II) modeset(0): Manufacturer's mask: 0
[   370.255] (II) modeset(0): Supported detailed timing:
[   370.255] (II) modeset(0): clock: 76.8 MHz   Image Size:  344 x 194 mm
[   370.255] (II) modeset(0): h_active: 1366  h_sync: 1392  h_sync_end 1448 h_blank_end 1580 h_border: 0
[   370.255] (II) modeset(0): v_active: 768  v_sync: 772  v_sync_end 785 v_blanking: 810 v_border: 0
[   370.255] (II) modeset(0): Supported detailed timing:
[   370.255] (II) modeset(0): clock: 76.8 MHz   Image Size:  344 x 194 mm
[   370.255] (II) modeset(0): h_active: 1366  h_sync: 1392  h_sync_end 1448 h_blank_end 1580 h_border: 0
[   370.255] (II) modeset(0): v_active: 768  v_sync: 772  v_sync_end 785 v_blanking: 810 v_border: 0
[   370.255] (II) modeset(0):  XM5XGN156B6
[   370.255] (II) modeset(0): Unknown vendor-specific block 0
[   370.255] (II) modeset(0): EDID (in hex):
[   370.255] (II) modeset(0): 	00ffffffffffff000dafa41500000000
[   370.255] (II) modeset(0): 	1b140103902213780a00259e57529929
[   370.255] (II) modeset(0): 	15505400000001010101010101010101
[   370.255] (II) modeset(0): 	010101010101001e56d650002a301a38
[   370.255] (II) modeset(0): 	4d0058c21000001a001e56d650002a30
[   370.255] (II) modeset(0): 	1a384d0058c21000001a000000fe0058
[   370.255] (II) modeset(0): 	4d355847024e31353642360a00000000
[   370.255] (II) modeset(0): 	00000000000000000001010a20200041
[   370.256] (II) modeset(0): Printing probed modes for output LVDS-1
[   370.256] (II) modeset(0): Modeline "1366x768"x60.0   76.80  1366 1392 1448 1580  768 772 785 810 +hsync -vsync (48.6 kHz eP)
[   370.256] (II) modeset(0): Modeline "1360x768"x59.8   84.75  1360 1432 1568 1776  768 771 781 798 -hsync +vsync (47.7 kHz d)
[   370.256] (II) modeset(0): Modeline "1360x768"x60.0   72.00  1360 1408 1440 1520  768 771 781 790 +hsync -vsync (47.4 kHz d)
[   370.256] (II) modeset(0): Modeline "1280x720"x120.0  156.12  1280 1376 1512 1744  720 721 724 746 doublescan -hsync +vsync (89.5 kHz d)
[   370.256] (II) modeset(0): Modeline "1280x720"x120.0  120.75  1280 1304 1320 1360  720 721 724 740 doublescan +hsync -vsync (88.8 kHz d)
[   370.256] (II) modeset(0): Modeline "1280x720"x59.9   74.50  1280 1344 1472 1664  720 723 728 748 -hsync +vsync (44.8 kHz d)
[   370.256] (II) modeset(0): Modeline "1280x720"x59.7   63.75  1280 1328 1360 1440  720 723 728 741 +hsync -vsync (44.3 kHz d)
[   370.256] (II) modeset(0): Modeline "1024x768"x120.1  133.47  1024 1100 1212 1400  768 768 770 794 doublescan -hsync +vsync (95.3 kHz d)
[   370.256] (II) modeset(0): Modeline "1024x768"x60.0   65.00  1024 1048 1184 1344  768 771 777 806 -hsync -vsync (48.4 kHz d)
[   370.256] (II) modeset(0): Modeline "960x720"x120.0  117.00  960 1024 1128 1300  720 720 722 750 doublescan -hsync +vsync (90.0 kHz d)
[   370.256] (II) modeset(0): Modeline "928x696"x120.1  109.15  928 976 1088 1264  696 696 698 719 doublescan -hsync +vsync (86.4 kHz d)
[   370.256] (II) modeset(0): Modeline "896x672"x120.0  102.40  896 960 1060 1224  672 672 674 697 doublescan -hsync +vsync (83.7 kHz d)
[   370.257] (II) modeset(0): Modeline "1024x576"x119.9   98.50  1024 1092 1200 1376  576 577 580 597 doublescan -hsync +vsync (71.6 kHz d)
[   370.257] (II) modeset(0): Modeline "1024x576"x119.9   78.38  1024 1048 1064 1104  576 577 580 592 doublescan +hsync -vsync (71.0 kHz d)
[   370.257] (II) modeset(0): Modeline "1024x576"x59.9   46.50  1024 1064 1160 1296  576 579 584 599 -hsync +vsync (35.9 kHz d)
[   370.257] (II) modeset(0): Modeline "1024x576"x59.8   42.00  1024 1072 1104 1184  576 579 584 593 +hsync -vsync (35.5 kHz d)
[   370.257] (II) modeset(0): Modeline "960x600"x119.9   96.62  960 1028 1128 1296  600 601 604 622 doublescan -hsync +vsync (74.6 kHz d)
[   370.257] (II) modeset(0): Modeline "960x600"x120.0   77.00  960 984 1000 1040  600 601 604 617 doublescan +hsync -vsync (74.0 kHz d)
[   370.257] (II) modeset(0): Modeline "960x540"x119.9   86.50  960 1024 1124 1288  540 541 544 560 doublescan -hsync +vsync (67.2 kHz d)
[   370.257] (II) modeset(0): Modeline "960x540"x120.0   69.25  960 984 1000 1040  540 541 544 555 doublescan +hsync -vsync (66.6 kHz d)
[   370.257] (II) modeset(0): Modeline "960x540"x59.6   40.75  960 992 1088 1216  540 543 548 562 -hsync +vsync (33.5 kHz d)
[   370.257] (II) modeset(0): Modeline "960x540"x59.8   37.25  960 1008 1040 1120  540 543 548 556 +hsync -vsync (33.3 kHz d)
[   370.257] (II) modeset(0): Modeline "800x600"x120.0   81.00  800 832 928 1080  600 600 602 625 doublescan +hsync +vsync (75.0 kHz d)
[   370.257] (II) modeset(0): Modeline "800x600"x60.3   40.00  800 840 968 1056  600 601 605 628 +hsync +vsync (37.9 kHz d)
[   370.257] (II) modeset(0): Modeline "800x600"x56.2   36.00  800 824 896 1024  600 601 603 625 +hsync +vsync (35.2 kHz d)
[   370.257] (II) modeset(0): Modeline "840x525"x120.0   73.12  840 892 980 1120  525 526 529 544 doublescan -hsync +vsync (65.3 kHz d)
[   370.257] (II) modeset(0): Modeline "840x525"x119.8   59.50  840 864 880 920  525 526 529 540 doublescan +hsync -vsync (64.7 kHz d)
[   370.257] (II) modeset(0): Modeline "864x486"x59.9   32.50  864 888 968 1072  486 489 494 506 -hsync +vsync (30.3 kHz d)
[   370.257] (II) modeset(0): Modeline "864x486"x59.6   30.50  864 912 944 1024  486 489 494 500 +hsync -vsync (29.8 kHz d)
[   370.257] (II) modeset(0): Modeline "800x512"x120.3   51.56  800 800 828 832  512 512 514 515 doublescan +hsync +vsync (62.0 kHz d)
[   370.257] (II) modeset(0): Modeline "700x525"x120.0   61.00  700 744 820 940  525 526 532 541 doublescan +hsync +vsync (64.9 kHz d)
[   370.257] (II) modeset(0): Modeline "800x450"x119.9   59.12  800 848 928 1056  450 451 454 467 doublescan -hsync +vsync (56.0 kHz d)
[   370.257] (II) modeset(0): Modeline "800x450"x119.6   48.75  800 824 840 880  450 451 454 463 doublescan +hsync -vsync (55.4 kHz d)
[   370.257] (II) modeset(0): Modeline "640x512"x120.0   54.00  640 664 720 844  512 512 514 533 doublescan +hsync +vsync (64.0 kHz d)
[   370.257] (II) modeset(0): Modeline "720x450"x119.8   53.25  720 760 836 952  450 451 454 467 doublescan -hsync +vsync (55.9 kHz d)
[   370.257] (II) modeset(0): Modeline "700x450"x119.9   51.75  700 740 812 924  450 451 456 467 doublescan -hsync +vsync (56.0 kHz d)
[   370.257] (II) modeset(0): Modeline "700x450"x119.8   43.25  700 724 740 780  450 451 456 463 doublescan +hsync -vsync (55.4 kHz d)
[   370.257] (II) modeset(0): Modeline "640x480"x120.0   54.00  640 688 744 900  480 480 482 500 doublescan +hsync +vsync (60.0 kHz d)
[   370.257] (II) modeset(0): Modeline "640x480"x59.9   25.18  640 656 752 800  480 490 492 525 -hsync -vsync (31.5 kHz d)
[   370.257] (II) modeset(0): Modeline "720x405"x59.5   22.50  720 744 808 896  405 408 413 422 -hsync +vsync (25.1 kHz d)
[   370.258] (II) modeset(0): Modeline "720x405"x59.0   21.75  720 768 800 880  405 408 413 419 +hsync -vsync (24.7 kHz d)
[   370.258] (II) modeset(0): Modeline "684x384"x119.8   42.62  684 720 788 892  384 385 390 399 doublescan -hsync +vsync (47.8 kHz d)
[   370.258] (II) modeset(0): Modeline "684x384"x119.7   36.12  684 708 724 764  384 385 390 395 doublescan +hsync -vsync (47.3 kHz d)
[   370.258] (II) modeset(0): Modeline "680x384"x119.6   42.38  680 716 784 888  384 385 390 399 doublescan -hsync +vsync (47.7 kHz d)
[   370.258] (II) modeset(0): Modeline "680x384"x119.9   36.00  680 704 720 760  384 385 390 395 doublescan +hsync -vsync (47.4 kHz d)
[   370.258] (II) modeset(0): Modeline "640x400"x119.8   41.75  640 676 740 840  400 401 404 415 doublescan -hsync +vsync (49.7 kHz d)
[   370.258] (II) modeset(0): Modeline "640x400"x120.0   35.50  640 664 680 720  400 401 404 411 doublescan +hsync -vsync (49.3 kHz d)
[   370.258] (II) modeset(0): Modeline "576x432"x120.1   40.81  576 608 668 760  432 432 434 447 doublescan -hsync +vsync (53.7 kHz d)
[   370.258] (II) modeset(0): Modeline "640x360"x119.7   37.25  640 672 736 832  360 361 364 374 doublescan -hsync +vsync (44.8 kHz d)
[   370.258] (II) modeset(0): Modeline "640x360"x119.7   31.88  640 664 680 720  360 361 364 370 doublescan +hsync -vsync (44.3 kHz d)
[   370.258] (II) modeset(0): Modeline "640x360"x59.8   18.00  640 664 720 800  360 363 368 376 -hsync +vsync (22.5 kHz d)
[   370.258] (II) modeset(0): Modeline "640x360"x59.3   17.75  640 688 720 800  360 363 368 374 +hsync -vsync (22.2 kHz d)
[   370.258] (II) modeset(0): Modeline "512x384"x120.0   32.50  512 524 592 672  384 385 388 403 doublescan -hsync -vsync (48.4 kHz d)
[   370.258] (II) modeset(0): Modeline "512x288"x120.0   23.25  512 532 580 648  288 289 292 299 doublescan -hsync +vsync (35.9 kHz d)
[   370.258] (II) modeset(0): Modeline "512x288"x119.8   21.00  512 536 552 592  288 289 292 296 doublescan +hsync -vsync (35.5 kHz d)
[   370.258] (II) modeset(0): Modeline "480x270"x119.3   20.38  480 496 544 608  270 271 274 281 doublescan -hsync +vsync (33.5 kHz d)
[   370.258] (II) modeset(0): Modeline "480x270"x119.6   18.62  480 504 520 560  270 271 274 278 doublescan +hsync -vsync (33.3 kHz d)
[   370.258] (II) modeset(0): Modeline "400x300"x120.6   20.00  400 420 484 528  300 300 302 314 doublescan +hsync +vsync (37.9 kHz d)
[   370.258] (II) modeset(0): Modeline "400x300"x112.7   18.00  400 412 448 512  300 300 301 312 doublescan +hsync +vsync (35.2 kHz d)
[   370.258] (II) modeset(0): Modeline "432x243"x119.8   16.25  432 444 484 536  243 244 247 253 doublescan -hsync +vsync (30.3 kHz d)
[   370.258] (II) modeset(0): Modeline "432x243"x119.1   15.25  432 456 472 512  243 244 247 250 doublescan +hsync -vsync (29.8 kHz d)
[   370.258] (II) modeset(0): Modeline "320x240"x120.1   12.59  320 328 376 400  240 245 246 262 doublescan -hsync -vsync (31.5 kHz d)
[   370.258] (II) modeset(0): Modeline "360x202"x119.0   11.25  360 372 404 448  202 204 206 211 doublescan -hsync +vsync (25.1 kHz d)
[   370.258] (II) modeset(0): Modeline "360x202"x118.3   10.88  360 384 400 440  202 204 206 209 doublescan +hsync -vsync (24.7 kHz d)
[   370.258] (II) modeset(0): Modeline "320x180"x119.7    9.00  320 332 360 400  180 181 184 188 doublescan -hsync +vsync (22.5 kHz d)
[   370.258] (II) modeset(0): Modeline "320x180"x118.6    8.88  320 344 360 400  180 181 184 187 doublescan +hsync -vsync (22.2 kHz d)
[   370.260] (II) modeset(0): EDID for output VGA-1
[   370.262] (II) modeset(0): EDID for output HDMI-1
[   370.273] (II) modeset(0): EDID for output DP-1
[   370.273] (II) modeset(0): Output LVDS-1 connected
[   370.273] (II) modeset(0): Output VGA-1 disconnected
[   370.273] (II) modeset(0): Output HDMI-1 disconnected
[   370.273] (II) modeset(0): Output DP-1 disconnected
[   370.273] (II) modeset(0): Using exact sizes for initial modes
[   370.273] (II) modeset(0): Output LVDS-1 using initial mode 1366x768 +0+0
[   370.273] (==) modeset(0): Using gamma correction (1.0, 1.0, 1.0)
[   370.273] (==) modeset(0): DPI set to (96, 96)
[   370.273] (II) Loading sub module "fb"
[   370.273] (II) LoadModule: "fb"
[   370.274] (II) Loading /usr/lib/xorg/modules/libfb.so
[   370.335] (II) Module fb: vendor="X.Org Foundation"
[   370.336] 	compiled for 1.20.8, module version = 1.0.0
[   370.336] 	ABI class: X.Org ANSI C Emulation, version 0.4
[   370.336] (II) UnloadModule: "fbdev"
[   370.336] (II) Unloading fbdev
[   370.336] (II) UnloadSubModule: "fbdevhw"
[   370.336] (II) Unloading fbdevhw
[   370.336] (II) UnloadModule: "vesa"
[   370.336] (II) Unloading vesa
[   370.886] (==) modeset(0): Backing store enabled
[   370.886] (==) modeset(0): Silken mouse enabled
[   370.985] (II) modeset(0): Initializing kms color map for depth 24, 8 bpc.
[   370.985] (==) modeset(0): DPMS enabled
[   370.985] (II) modeset(0): [DRI2] Setup complete
[   370.985] (II) modeset(0): [DRI2]   DRI driver: i965
[   370.986] (II) modeset(0): [DRI2]   VDPAU driver: va_gl
[   370.986] (II) Initializing extension Generic Event Extension
[   370.986] (II) Initializing extension SHAPE
[   370.986] (II) Initializing extension MIT-SHM
[   370.986] (II) Initializing extension XInputExtension
[   370.989] (II) Initializing extension XTEST
[   370.989] (II) Initializing extension BIG-REQUESTS
[   370.989] (II) Initializing extension SYNC
[   370.989] (II) Initializing extension XKEYBOARD
[   370.990] (II) Initializing extension XC-MISC
[   370.990] (II) Initializing extension SECURITY
[   370.990] (II) Initializing extension XFIXES
[   370.990] (II) Initializing extension RENDER
[   370.991] (II) Initializing extension RANDR
[   370.991] (II) Initializing extension COMPOSITE
[   370.991] (II) Initializing extension DAMAGE
[   370.992] (II) Initializing extension MIT-SCREEN-SAVER
[   370.992] (II) Initializing extension DOUBLE-BUFFER
[   370.992] (II) Initializing extension RECORD
[   370.992] (II) Initializing extension DPMS
[   370.993] (II) Initializing extension Present
[   370.993] (II) Initializing extension DRI3
[   370.993] (II) Initializing extension X-Resource
[   370.993] (II) Initializing extension XVideo
[   370.993] (II) Initializing extension XVideo-MotionCompensation
[   370.993] (II) Initializing extension SELinux
[   370.994] (II) SELinux: Disabled on system
[   370.994] (II) Initializing extension GLX
[   371.013] (II) AIGLX: Loaded and initialized i965
[   371.013] (II) GLX: Initialized DRI2 GL provider for screen 0
[   371.013] (II) Initializing extension XFree86-VidModeExtension
[   371.013] (II) Initializing extension XFree86-DGA
[   371.013] (II) Initializing extension XFree86-DRI
[   371.013] (II) Initializing extension DRI2
[   371.017] (II) modeset(0): Damage tracking initialized
[   371.017] (II) modeset(0): Setting screen physical size to 361 x 203
[   371.265] (II) config/udev: Adding input device Power Button (/dev/input/event3)
[   371.266] (**) Power Button: Applying InputClass "libinput keyboard catchall"
[   371.266] (II) LoadModule: "libinput"
[   371.266] (II) Loading /usr/lib/xorg/modules/input/libinput_drv.so
[   371.285] (II) Module libinput: vendor="X.Org Foundation"
[   371.285] 	compiled for 1.20.4, module version = 0.29.0
[   371.285] 	Module class: X.Org XInput Driver
[   371.285] 	ABI class: X.Org XInput driver, version 24.1
[   371.285] (II) Using input driver 'libinput' for 'Power Button'
[   371.287] (II) systemd-logind: got fd for /dev/input/event3 13:67 fd 22 paused 0
[   371.287] (**) Power Button: always reports core events
[   371.287] (**) Option "Device" "/dev/input/event3"
[   371.288] (**) Option "_source" "server/udev"
[   371.293] (II) event3  - Power Button: is tagged by udev as: Keyboard
[   371.293] (II) event3  - Power Button: device is a keyboard
[   371.293] (II) event3  - Power Button: device removed
[   371.293] (**) Option "config_info" "udev:/sys/devices/LNXSYSTM:00/LNXPWRBN:00/input/input3/event3"
[   371.293] (II) XINPUT: Adding extended input device "Power Button" (type: KEYBOARD, id 6)
[   371.293] (**) Option "xkb_model" "pc105"
[   371.293] (**) Option "xkb_layout" "fr"
[   371.345] (II) event3  - Power Button: is tagged by udev as: Keyboard
[   371.346] (II) event3  - Power Button: device is a keyboard
[   371.347] (II) config/udev: Adding input device Video Bus (/dev/input/event6)
[   371.347] (**) Video Bus: Applying InputClass "libinput keyboard catchall"
[   371.347] (II) Using input driver 'libinput' for 'Video Bus'
[   371.349] (II) systemd-logind: got fd for /dev/input/event6 13:70 fd 25 paused 0
[   371.349] (**) Video Bus: always reports core events
[   371.349] (**) Option "Device" "/dev/input/event6"
[   371.350] (**) Option "_source" "server/udev"
[   371.352] (II) event6  - Video Bus: is tagged by udev as: Keyboard
[   371.352] (II) event6  - Video Bus: device is a keyboard
[   371.353] (II) event6  - Video Bus: device removed
[   371.353] (**) Option "config_info" "udev:/sys/devices/LNXSYSTM:00/LNXSYBUS:00/PNP0A08:00/LNXVIDEO:00/input/input7/event6"
[   371.353] (II) XINPUT: Adding extended input device "Video Bus" (type: KEYBOARD, id 7)
[   371.353] (**) Option "xkb_model" "pc105"
[   371.353] (**) Option "xkb_layout" "fr"
[   371.355] (II) event6  - Video Bus: is tagged by udev as: Keyboard
[   371.355] (II) event6  - Video Bus: device is a keyboard
[   371.356] (II) config/udev: Adding input device Power Button (/dev/input/event0)
[   371.357] (**) Power Button: Applying InputClass "libinput keyboard catchall"
[   371.357] (II) Using input driver 'libinput' for 'Power Button'
[   371.359] (II) systemd-logind: got fd for /dev/input/event0 13:64 fd 26 paused 0
[   371.359] (**) Power Button: always reports core events
[   371.359] (**) Option "Device" "/dev/input/event0"
[   371.359] (**) Option "_source" "server/udev"
[   371.361] (II) event0  - Power Button: is tagged by udev as: Keyboard
[   371.361] (II) event0  - Power Button: device is a keyboard
[   371.362] (II) event0  - Power Button: device removed
[   371.362] (**) Option "config_info" "udev:/sys/devices/LNXSYSTM:00/LNXSYBUS:00/PNP0C0C:00/input/input0/event0"
[   371.362] (II) XINPUT: Adding extended input device "Power Button" (type: KEYBOARD, id 8)
[   371.362] (**) Option "xkb_model" "pc105"
[   371.362] (**) Option "xkb_layout" "fr"
[   371.365] (II) event0  - Power Button: is tagged by udev as: Keyboard
[   371.365] (II) event0  - Power Button: device is a keyboard
[   371.367] (II) config/udev: Adding input device Lid Switch (/dev/input/event1)
[   371.367] (II) No input driver specified, ignoring this device.
[   371.367] (II) This device may have been added with another device file.
[   371.368] (II) config/udev: Adding input device Sleep Button (/dev/input/event2)
[   371.368] (**) Sleep Button: Applying InputClass "libinput keyboard catchall"
[   371.368] (II) Using input driver 'libinput' for 'Sleep Button'
[   371.370] (II) systemd-logind: got fd for /dev/input/event2 13:66 fd 27 paused 0
[   371.370] (**) Sleep Button: always reports core events
[   371.371] (**) Option "Device" "/dev/input/event2"
[   371.371] (**) Option "_source" "server/udev"
[   371.374] (II) event2  - Sleep Button: is tagged by udev as: Keyboard
[   371.374] (II) event2  - Sleep Button: device is a keyboard
[   371.375] (II) event2  - Sleep Button: device removed
[   371.375] (**) Option "config_info" "udev:/sys/devices/LNXSYSTM:00/LNXSYBUS:00/PNP0C0E:01/input/input2/event2"
[   371.375] (II) XINPUT: Adding extended input device "Sleep Button" (type: KEYBOARD, id 9)
[   371.375] (**) Option "xkb_model" "pc105"
[   371.375] (**) Option "xkb_layout" "fr"
[   371.378] (II) event2  - Sleep Button: is tagged by udev as: Keyboard
[   371.378] (II) event2  - Sleep Button: device is a keyboard
[   371.382] (II) config/udev: Adding input device Integrated Webcam: Integrated W (/dev/input/event8)
[   371.382] (**) Integrated Webcam: Integrated W: Applying InputClass "libinput keyboard catchall"
[   371.382] (II) Using input driver 'libinput' for 'Integrated Webcam: Integrated W'
[   371.384] (II) systemd-logind: got fd for /dev/input/event8 13:72 fd 28 paused 0
[   371.384] (**) Integrated Webcam: Integrated W: always reports core events
[   371.384] (**) Option "Device" "/dev/input/event8"
[   371.384] (**) Option "_source" "server/udev"
[   371.388] (II) event8  - Integrated Webcam: Integrated W: is tagged by udev as: Keyboard
[   371.388] (II) event8  - Integrated Webcam: Integrated W: device is a keyboard
[   371.389] (II) event8  - Integrated Webcam: Integrated W: device removed
[   371.389] (**) Option "config_info" "udev:/sys/devices/pci0000:00/0000:00:1a.0/usb1/1-1/1-1.4/1-1.4:1.0/input/input9/event8"
[   371.389] (II) XINPUT: Adding extended input device "Integrated Webcam: Integrated W" (type: KEYBOARD, id 10)
[   371.389] (**) Option "xkb_model" "pc105"
[   371.389] (**) Option "xkb_layout" "fr"
[   371.395] (II) event8  - Integrated Webcam: Integrated W: is tagged by udev as: Keyboard
[   371.396] (II) event8  - Integrated Webcam: Integrated W: device is a keyboard
[   371.397] (II) config/udev: Adding input device HDA Intel MID Mic (/dev/input/event9)
[   371.397] (II) No input driver specified, ignoring this device.
[   371.397] (II) This device may have been added with another device file.
[   371.398] (II) config/udev: Adding input device HDA Intel MID Headphone (/dev/input/event10)
[   371.398] (II) No input driver specified, ignoring this device.
[   371.398] (II) This device may have been added with another device file.
[   371.399] (II) config/udev: Adding input device HDA Intel MID HDMI/DP,pcm=3 (/dev/input/event11)
[   371.400] (II) No input driver specified, ignoring this device.
[   371.400] (II) This device may have been added with another device file.
[   371.401] (II) config/udev: Adding input device Dell WMI hotkeys (/dev/input/event7)
[   371.401] (**) Dell WMI hotkeys: Applying InputClass "libinput keyboard catchall"
[   371.401] (II) Using input driver 'libinput' for 'Dell WMI hotkeys'
[   371.403] (II) systemd-logind: got fd for /dev/input/event7 13:71 fd 29 paused 0
[   371.403] (**) Dell WMI hotkeys: always reports core events
[   371.403] (**) Option "Device" "/dev/input/event7"
[   371.403] (**) Option "_source" "server/udev"
[   371.407] (II) event7  - Dell WMI hotkeys: is tagged by udev as: Keyboard
[   371.407] (II) event7  - Dell WMI hotkeys: device is a keyboard
[   371.408] (II) event7  - Dell WMI hotkeys: device removed
[   371.408] (**) Option "config_info" "udev:/sys/devices/platform/PNP0C14:00/wmi_bus/wmi_bus-PNP0C14:00/9DBB5994-A997-11DA-B012-B622A1EF5492/input/input8/event7"
[   371.408] (II) XINPUT: Adding extended input device "Dell WMI hotkeys" (type: KEYBOARD, id 11)
[   371.408] (**) Option "xkb_model" "pc105"
[   371.408] (**) Option "xkb_layout" "fr"
[   371.413] (II) event7  - Dell WMI hotkeys: is tagged by udev as: Keyboard
[   371.413] (II) event7  - Dell WMI hotkeys: device is a keyboard
[   371.415] (II) config/udev: Adding input device AT Translated Set 2 keyboard (/dev/input/event4)
[   371.415] (**) AT Translated Set 2 keyboard: Applying InputClass "libinput keyboard catchall"
[   371.415] (II) Using input driver 'libinput' for 'AT Translated Set 2 keyboard'
[   371.418] (II) systemd-logind: got fd for /dev/input/event4 13:68 fd 30 paused 0
[   371.418] (**) AT Translated Set 2 keyboard: always reports core events
[   371.418] (**) Option "Device" "/dev/input/event4"
[   371.418] (**) Option "_source" "server/udev"
[   371.421] (II) event4  - AT Translated Set 2 keyboard: is tagged by udev as: Keyboard
[   371.422] (II) event4  - AT Translated Set 2 keyboard: device is a keyboard
[   371.423] (II) event4  - AT Translated Set 2 keyboard: device removed
[   371.423] (**) Option "config_info" "udev:/sys/devices/platform/i8042/serio0/input/input4/event4"
[   371.424] (II) XINPUT: Adding extended input device "AT Translated Set 2 keyboard" (type: KEYBOARD, id 12)
[   371.424] (**) Option "xkb_model" "pc105"
[   371.424] (**) Option "xkb_layout" "fr"
[   371.428] (II) event4  - AT Translated Set 2 keyboard: is tagged by udev as: Keyboard
[   371.428] (II) event4  - AT Translated Set 2 keyboard: device is a keyboard
[   371.432] (II) config/udev: Adding input device AlpsPS/2 ALPS GlidePoint (/dev/input/event5)
[   371.432] (**) AlpsPS/2 ALPS GlidePoint: Applying InputClass "libinput touchpad catchall"
[   371.432] (II) Using input driver 'libinput' for 'AlpsPS/2 ALPS GlidePoint'
[   371.438] (II) systemd-logind: got fd for /dev/input/event5 13:69 fd 31 paused 0
[   371.439] (**) AlpsPS/2 ALPS GlidePoint: always reports core events
[   371.439] (**) Option "Device" "/dev/input/event5"
[   371.439] (**) Option "_source" "server/udev"
[   371.442] (II) event5  - AlpsPS/2 ALPS GlidePoint: is tagged by udev as: Touchpad
[   371.443] (II) event5  - AlpsPS/2 ALPS GlidePoint: no resolution or size hints, assuming a size of 69x50mm
[   371.446] (II) event5  - AlpsPS/2 ALPS GlidePoint: device is a touchpad
[   371.446] (II) event5  - AlpsPS/2 ALPS GlidePoint: device removed
[   371.447] (**) Option "config_info" "udev:/sys/devices/platform/i8042/serio1/input/input6/event5"
[   371.447] (II) XINPUT: Adding extended input device "AlpsPS/2 ALPS GlidePoint" (type: TOUCHPAD, id 13)
[   371.448] (**) Option "AccelerationScheme" "none"
[   371.448] (**) AlpsPS/2 ALPS GlidePoint: (accel) selected scheme none/0
[   371.448] (**) AlpsPS/2 ALPS GlidePoint: (accel) acceleration factor: 2.000
[   371.448] (**) AlpsPS/2 ALPS GlidePoint: (accel) acceleration threshold: 4
[   371.451] (II) event5  - AlpsPS/2 ALPS GlidePoint: is tagged by udev as: Touchpad
[   371.453] (II) event5  - AlpsPS/2 ALPS GlidePoint: no resolution or size hints, assuming a size of 69x50mm
[   371.455] (II) event5  - AlpsPS/2 ALPS GlidePoint: device is a touchpad
[   371.457] (II) config/udev: Adding input device AlpsPS/2 ALPS GlidePoint (/dev/input/mouse0)
[   371.457] (II) No input driver specified, ignoring this device.
[   371.457] (II) This device may have been added with another device file.
[   376.450] (II) modeset(0): EDID vendor "CMO", prod id 5540
[   376.450] (II) modeset(0): Printing DDC gathered Modelines:
[   376.450] (II) modeset(0): Modeline "1366x768"x0.0   76.80  1366 1392 1448 1580  768 772 785 810 +hsync -vsync (48.6 kHz eP)
[   376.499] (II) modeset(0): EDID vendor "CMO", prod id 5540
[   376.499] (II) modeset(0): Printing DDC gathered Modelines:
[   376.499] (II) modeset(0): Modeline "1366x768"x0.0   76.80  1366 1392 1448 1580  768 772 785 810 +hsync -vsync (48.6 kHz eP)
[  4525.575] (II) modeset(0): EDID vendor "CMO", prod id 5540
[  4525.607] (II) modeset(0): Printing DDC gathered Modelines:
[  4525.607] (II) modeset(0): Modeline "1366x768"x0.0   76.80  1366 1392 1448 1580  768 772 785 810 +hsync -vsync (48.6 kHz eP)
[  4525.714] (II) modeset(0): EDID vendor "CMO", prod id 5540
[  4525.714] (II) modeset(0): Printing DDC gathered Modelines:
[  4525.714] (II) modeset(0): Modeline "1366x768"x0.0   76.80  1366 1392 1448 1580  768 772 785 810 +hsync -vsync (48.6 kHz eP)
[  5726.421] (II) modeset(0): EDID vendor "CMO", prod id 5540
[  5726.422] (II) modeset(0): Printing DDC gathered Modelines:
[  5726.422] (II) modeset(0): Modeline "1366x768"x0.0   76.80  1366 1392 1448 1580  768 772 785 810 +hsync -vsync (48.6 kHz eP)
[  5726.478] (II) modeset(0): EDID vendor "CMO", prod id 5540
[  5726.478] (II) modeset(0): Printing DDC gathered Modelines:
[  5726.478] (II) modeset(0): Modeline "1366x768"x0.0   76.80  1366 1392 1448 1580  768 772 785 810 +hsync -vsync (48.6 kHz eP)
